<?xml version="1.0" encoding="UTF-8"?>
<!-- Generated by org.testng.reporters.JUnitReportReporter -->
<testsuite skipped="0" hostname="DESKTOP-5VBH2SA" name="TestNG.Tester5" tests="1" failures="0" timestamp="2021-04-14T09:31:21 IST" time="5.396" errors="0">
  <testcase name="launcgBrowser" time="5.396" classname="TestNG.Tester5"/>
  <system-out/>
</testsuite> <!-- TestNG.Tester5 -->
