<?xml version="1.0" encoding="UTF-8"?>
<!-- Generated by org.testng.reporters.JUnitReportReporter -->
<testsuite skipped="0" hostname="DESKTOP-5VBH2SA" name="TestNG.Tester7" tests="3" failures="0" timestamp="2021-04-17T00:40:09 IST" time="0.022" errors="0">
  <testcase name="m5" time="0.012" classname="TestNG.Tester7"/>
  <system-out>
This is @@@@Test Method  </system-out>
  <testcase name="m6" time="0.005" classname="TestNG.Tester7"/>
  <system-out>
This is @@@@2Test Method  </system-out>
  <testcase name="m9" time="0.005" classname="TestNG.Tester7"/>
  <system-out>
This is @@@@3Test Method  </system-out>
</testsuite> <!-- TestNG.Tester7 -->
