<?xml version="1.0" encoding="UTF-8"?>
<!-- Generated by org.testng.reporters.JUnitReportReporter -->
<testsuite skipped="0" hostname="DESKTOP-5VBH2SA" name="TestNG.Tester9" tests="1" failures="0" timestamp="2021-04-17T01:12:06 IST" time="5.073" errors="0">
  <testcase name="launchBrowser" time="5.073" classname="TestNG.Tester9"/>
  <system-out/>
</testsuite> <!-- TestNG.Tester9 -->
