<?xml version="1.0" encoding="UTF-8"?>
<!-- Generated by org.testng.reporters.JUnitReportReporter -->
<testsuite skipped="0" hostname="DESKTOP-5VBH2SA" name="TestNG.Tester12" tests="1" failures="0" timestamp="2021-04-17T18:11:56 IST" time="10.770" errors="0">
  <testcase name="launchBrowser" time="10.770" classname="TestNG.Tester12"/>
  <system-out/>
</testsuite> <!-- TestNG.Tester12 -->
