<?xml version="1.0" encoding="UTF-8"?>
<!-- Generated by org.testng.reporters.JUnitReportReporter -->
<testsuite skipped="0" hostname="DESKTOP-5VBH2SA" name="TestNG.Tester2" tests="4" failures="0" timestamp="2021-04-10T23:27:43 IST" time="0.016" errors="0">
  <testcase name="animal" time="0.016" classname="TestNG.Tester2"/>
  <system-out>
This is the animal method  </system-out>
  <testcase name="lion" time="0.000" classname="TestNG.Tester2"/>
  <system-out>
This is the lion method  </system-out>
  <testcase name="Animal" time="0.000" classname="TestNG.Tester2"/>
  <system-out>
This is the Animal method  </system-out>
  <testcase name="Bird" time="0.000" classname="TestNG.Tester2"/>
  <system-out>
This is the Bird method  </system-out>
</testsuite> <!-- TestNG.Tester2 -->
