<?xml version="1.0" encoding="UTF-8"?>
<!-- Generated by org.testng.reporters.JUnitReportReporter -->
<testsuite skipped="0" hostname="DESKTOP-5VBH2SA" name="TestNG.Tester1" tests="1" failures="0" timestamp="2021-04-10T23:15:04 IST" time="0.038" errors="0">
  <testcase name="m1" time="0.038" classname="TestNG.Tester1"/>
  <system-out>
This is m1 Method  </system-out>
</testsuite> <!-- TestNG.Tester1 -->
