<?xml version="1.0" encoding="UTF-8"?>
<!-- Generated by org.testng.reporters.JUnitReportReporter -->
<testsuite skipped="0" hostname="DESKTOP-5VBH2SA" name="TestNG.Tester8" tests="3" failures="0" timestamp="2021-04-17T00:50:40 IST" time="0.027" errors="0">
  <testcase name="createUser" time="0.004" classname="TestNG.Tester8"/>
  <system-out>
Create the User  </system-out>
  <testcase name="login" time="0.021" classname="TestNG.Tester8"/>
  <system-out>
This is Login  </system-out>
  <testcase name="deleteUser" time="0.002" classname="TestNG.Tester8"/>
  <system-out>
Delete the User  </system-out>
</testsuite> <!-- TestNG.Tester8 -->
