<?xml version="1.0" encoding="UTF-8"?>
<!-- Generated by org.testng.reporters.JUnitReportReporter -->
<testsuite skipped="0" hostname="DESKTOP-5VBH2SA" name="TestNG.Tester4" tests="8" failures="0" timestamp="2021-04-10T23:39:16 IST" time="0.016" errors="0">
  <testcase name="Animal" time="0.016" classname="TestNG.Tester4"/>
  <system-out>
This is the Animal Method  </system-out>
  <testcase name="lion" time="0.000" classname="TestNG.Tester4"/>
  <system-out>
This is the lion method  </system-out>
  <testcase name="lion" time="0.000" classname="TestNG.Tester4"/>
  <system-out>
This is the lion method  </system-out>
  <testcase name="lion" time="0.000" classname="TestNG.Tester4"/>
  <system-out>
This is the lion method  </system-out>
  <testcase name="lion" time="0.000" classname="TestNG.Tester4"/>
  <system-out>
This is the lion method  </system-out>
  <testcase name="lion" time="0.000" classname="TestNG.Tester4"/>
  <system-out>
This is the lion method  </system-out>
  <testcase name="animal" time="0.000" classname="TestNG.Tester4"/>
  <system-out>
This is the animal method  </system-out>
  <testcase name="Bird" time="0.000" classname="TestNG.Tester4"/>
  <system-out>
This is the Bird method  </system-out>
</testsuite> <!-- TestNG.Tester4 -->
