<?xml version="1.0" encoding="UTF-8"?>
<!-- Generated by org.testng.reporters.JUnitReportReporter -->
<testsuite skipped="0" hostname="DESKTOP-5VBH2SA" name="encapsulations.Tester5Main" tests="3" failures="0" timestamp="2021-04-27T00:05:59 IST" time="45.156" errors="0">
  <testcase name="login" time="16.509" classname="encapsulations.Tester5Main"/>
  <system-out/>
  <testcase name="login" time="14.798" classname="encapsulations.Tester5Main"/>
  <system-out/>
  <testcase name="login" time="13.849" classname="encapsulations.Tester5Main"/>
  <system-out/>
</testsuite> <!-- encapsulations.Tester5Main -->
