<?xml version="1.0" encoding="UTF-8"?>
<!-- Generated by org.testng.reporters.JUnitReportReporter -->
<testsuite skipped="0" hostname="DESKTOP-5VBH2SA" name="TestNG.Tester6" tests="5" failures="0" timestamp="2021-04-17T00:09:15 IST" time="0.028" errors="0">
  <testcase name="Bird" time="0.016" classname="TestNG.Tester6"/>
  <system-out>
This is Bird Method  </system-out>
  <testcase name="lion" time="0.003" classname="TestNG.Tester6"/>
  <system-out>
This is Lion Method  </system-out>
  <testcase name="lion" time="0.003" classname="TestNG.Tester6"/>
  <system-out>
This is Lion Method  </system-out>
  <testcase name="animal" time="0.003" classname="TestNG.Tester6"/>
  <system-out>
This is animal Method  </system-out>
  <testcase name="Animal" time="0.003" classname="TestNG.Tester6"/>
  <system-out>
This is Animal Method  </system-out>
</testsuite> <!-- TestNG.Tester6 -->
