<?xml version="1.0" encoding="UTF-8"?>
<!-- Generated by org.testng.reporters.JUnitReportReporter -->
<testsuite skipped="0" hostname="DESKTOP-5VBH2SA" name="TestNG.Tester10" tests="4" failures="0" timestamp="2021-04-17T01:41:55 IST" time="0.040" errors="0">
  <testcase name="deleteUser" time="0.016" classname="TestNG.Tester10"/>
  <system-out>
Create the delete the user  </system-out>
  <testcase name="createUser" time="0.005" classname="TestNG.Tester10"/>
  <system-out>
Create the User  </system-out>
  <testcase name="cat" time="0.014" classname="TestNG.Tester10"/>
  <system-out>
Create the cat  </system-out>
  <testcase name="dog" time="0.005" classname="TestNG.Tester10"/>
  <system-out>
Create the dog  </system-out>
</testsuite> <!-- TestNG.Tester10 -->
