<?xml version="1.0" encoding="UTF-8"?>
<!-- Generated by org.testng.reporters.JUnitReportReporter -->
<testsuite skipped="0" hostname="DESKTOP-5VBH2SA" name="TestNG.Tester3" tests="2" failures="0" timestamp="2021-04-10T23:32:08 IST" time="0.015" errors="0">
  <testcase name="Arpit" time="0.015" classname="TestNG.Tester3"/>
  <system-out>
This is the Arpit Raghuvanshi Method  </system-out>
  <testcase name="Animal" time="0.000" classname="TestNG.Tester3"/>
  <system-out>
This is the Animal Method  </system-out>
</testsuite> <!-- TestNG.Tester3 -->
