<?xml version="1.0" encoding="UTF-8"?>
<!-- Generated by org.testng.reporters.JUnitReportReporter -->
<testsuite skipped="0" hostname="DESKTOP-5VBH2SA" name="TestNG.Tester11" tests="1" failures="0" timestamp="2021-04-17T18:11:56 IST" time="4.910" errors="0">
  <testcase name="launchBrowser" time="4.910" classname="TestNG.Tester11"/>
  <system-out/>
</testsuite> <!-- TestNG.Tester11 -->
